<?xml version="1.0" encoding="UTF-8"?>
<testng-results skipped="0" failed="0" total="1" passed="1">
  <reporter-output>
  </reporter-output>
  <suite name="Default suite" duration-ms="39" started-at="2018-02-20T07:29:23Z" finished-at="2018-02-20T07:29:23Z">
    <groups>
    </groups>
    <test name="Default test" duration-ms="39" started-at="2018-02-20T07:29:23Z" finished-at="2018-02-20T07:29:23Z">
      <class name="com.codedivers.testing.selenium.runner.Executor">
        <test-method status="PASS" signature="main()[pri:0, instance:com.codedivers.testing.selenium.runner.Executor@4d02f94e]" name="main" duration-ms="21" started-at="2018-02-20T12:59:23Z" finished-at="2018-02-20T12:59:23Z">
          <reporter-output>
          </reporter-output>
        </test-method> <!-- main -->
      </class> <!-- com.codedivers.testing.selenium.runner.Executor -->
    </test> <!-- Default test -->
  </suite> <!-- Default suite -->
</testng-results>
